[0709/014158.220:WARNING:chrome_browser_cloud_management_controller.cc(87)] Could not create policy manager as CBCM is not enabled.
[0709/014201.517:ERROR:component_installer.cc(298)] Failed to verify installation for Widevine Content Decryption Module (C:\Users\TheDayG0ne\AppData\Local\CEF\User Data\WidevineCdm\4.10.2557.0).: Системе не удается найти указанный путь. (0x3)
[0709/014214.763:INFO:CONSOLE(1)] "[Report Only] Refused to load the script 'https://r.bing.com/rp/lmu8EBCaPRMKtay8LSArGyY3mv4.br.js' because it violates the following Content Security Policy directive: "script-src https: 'strict-dynamic' 'report-sample' 'nonce-b9gN7ecWGnZmr9utgIBn4822teA3fVu7szDD3gkASCo='". Note that 'strict-dynamic' is present, so host-based allowlisting is disabled. Note that 'script-src-elem' was not explicitly set, so 'script-src' is used as a fallback.
", source: https://www.bing.com/?toWww=1&redig=31D36B175F1448CDB70CFB5DEA9B07C4 (1)
[0709/014219.504:INFO:modulator_impl_base.cc(135)] "Import Map: \"blob:https://www.bing.com/88b04987-2566-4471-a3de-d42ec5f18964\" skips prefix match because of non-special URL scheme"
[0709/014219.562:INFO:modulator_impl_base.cc(135)] "Import Map: \"blob:https://www.bing.com/7b34e22c-3cf3-4294-b112-d27f360e5685\" skips prefix match because of non-special URL scheme"
[0709/014219.737:INFO:modulator_impl_base.cc(135)] "Import Map: \"x\" matches with \"x\" and is mapped to data:text/javascript,"
[0709/014220.200:INFO:modulator_impl_base.cc(135)] "Import Map: \"https://assets.msn.com/bundles/v1/bingHomepage/latest/widget-initializer.js\" matches with no entries and thus is not mapped."
[0709/014221.806:INFO:CONSOLE(0)] "The resource https://www.bing.com/th?id=OHR.BrightonPalacePier_ROW3449174024_1920x1080.webp&qlt=50 was preloaded using link preload but not used within a few seconds from the window's load event. Please make sure it has an appropriate `as` value and it is preloaded intentionally.", source: https://www.bing.com/?toWww=1&redig=31D36B175F1448CDB70CFB5DEA9B07C4 (0)
[0709/014221.806:INFO:CONSOLE(0)] "The resource https://r.bing.com/rp/lmu8EBCaPRMKtay8LSArGyY3mv4.br.js was preloaded using link preload but not used within a few seconds from the window's load event. Please make sure it has an appropriate `as` value and it is preloaded intentionally.", source: https://www.bing.com/?toWww=1&redig=31D36B175F1448CDB70CFB5DEA9B07C4 (0)
[0709/014222.413:WARNING:browser_info.cc(309)] Returning a speculative frame for 21474836485 [5,5]
[0709/014222.485:WARNING:browser_info.cc(309)] Returning a speculative frame for 25769803782 [6,6]
[0709/014222.902:WARNING:browser_info.cc(309)] Returning a speculative frame for 21474836485 [5,5]
[0709/014222.903:WARNING:browser_info.cc(309)] Returning a speculative frame for 21474836485 [5,5]
[0709/014222.904:WARNING:browser_info.cc(309)] Returning a speculative frame for 21474836485 [5,5]
[0709/014222.904:WARNING:browser_info.cc(309)] Returning a speculative frame for 21474836485 [5,5]
[0709/014223.805:INFO:CONSOLE(18)] "BSSO Telemetry: {"result":"Error","error":"NoExtension","type":"ChromeSsoTelemetry","data":{},"traces":["BrowserSSO Initialized","Creating ChromeBrowserCore provider","Sending message for method CreateProviderAsync","Received message for method CreateProviderAsync","Error: ChromeBrowserCore error NoExtension: Extension is not installed."]}", source: https://aadcdn.msftauth.net/shared/1.0/content/js/BssoInterrupt_Core_XtdzrKj01CuSfnIRcfwDDQ2.js (18)
[0709/014224.797:WARNING:browser_info.cc(309)] Returning a speculative frame for 17179869192 [4,8]
[0709/014224.798:WARNING:browser_info.cc(309)] Returning a speculative frame for 17179869192 [4,8]
[0709/014224.798:WARNING:browser_info.cc(309)] Returning a speculative frame for 17179869192 [4,8]
[0709/014224.799:WARNING:browser_info.cc(309)] Returning a speculative frame for 17179869192 [4,8]
[0709/014224.808:INFO:CONSOLE(0)] "An iframe which has both allow-scripts and allow-same-origin for its sandbox attribute can escape its sandboxing.", source: https://www.bing.com/orgid/idtoken/conditional (0)
[0709/014229.172:WARNING:spdy_session.cc(3491)] Received HEADERS for invalid stream 1
[0709/014229.188:WARNING:frame_impl.cc(420)] SendProcessMessage sent to detached frame 17179869190 [4,6] will be ignored
[0709/014531.365:WARNING:chrome_browser_cloud_management_controller.cc(87)] Could not create policy manager as CBCM is not enabled.
[0709/014540.934:WARNING:frame_impl.cc(420)] SendProcessMessage sent to detached frame 17179869185 [4,1] will be ignored
[0709/014543.183:INFO:CONSOLE(2)] "[0.017]  common module enabled", source: https://st1-56.vk.com/dist/common.2ea8cb8f44729f5aa381.js?3256e693ee92cca2b3256c8 (2)
[0709/014547.754:WARNING:obfuscated_file_util.cc(1402)] Failed to get origin+type directory: { uri: filesystem:https://vk.com/temporary/, storage key: { origin: https://vk.com, top-level site: https://vk.com, nonce: <null>, ancestor chain bit: Same-Site }, bucket id: 1 } error:-4
[0709/014549.518:WARNING:frame_impl.cc(420)] SendProcessMessage sent to detached frame 21474836484 [5,4] will be ignored
[0709/014551.019:WARNING:frame_impl.cc(420)] SendProcessMessage sent to detached frame 25769803780 [6,4] will be ignored
[0709/014551.318:INFO:CONSOLE(2)] "[0.007]  common module enabled", source: https://st1-56.vk.com/dist/common.2ea8cb8f44729f5aa381.js?3256e693ee92cca2b3256c8 (2)
[0709/014553.436:INFO:CONSOLE(2)] "[0.009]  common module enabled", source: https://st1-56.vk.com/dist/common.2ea8cb8f44729f5aa381.js?3256e693ee92cca2b3256c8 (2)
[0709/014554.971:WARNING:frame_impl.cc(420)] SendProcessMessage sent to detached frame 21474836491 [5,11] will be ignored
[0709/015618.218:WARNING:chrome_browser_cloud_management_controller.cc(87)] Could not create policy manager as CBCM is not enabled.
[0709/015626.140:INFO:CONSOLE(2)] "Mixed Content: The page at 'https://projects.thedayg0ne.ru/tehnolab/' was loaded over HTTPS, but requested an insecure element 'http://placehold.it/2000x900'. This request was automatically upgraded to HTTPS, For more information see https://blog.chromium.org/2019/10/no-more-mixed-messages-about-https.html", source: https://projects.thedayg0ne.ru/tehnolab/lib/js/jquery-1.8.3.min.js (2)
[0709/015626.349:INFO:CONSOLE(0)] "Mixed Content: The page at 'https://projects.thedayg0ne.ru/tehnolab/' was loaded over HTTPS, but requested an insecure element 'http://placehold.it/2500x1200'. This request was automatically upgraded to HTTPS, For more information see https://blog.chromium.org/2019/10/no-more-mixed-messages-about-https.html", source: https://projects.thedayg0ne.ru/tehnolab/ (0)
[0709/015631.349:INFO:CONSOLE(0)] "Mixed Content: The page at 'https://projects.thedayg0ne.ru/tehnolab/' was loaded over HTTPS, but requested an insecure element 'http://placehold.it/2500x1200'. This request was automatically upgraded to HTTPS, For more information see https://blog.chromium.org/2019/10/no-more-mixed-messages-about-https.html", source: https://projects.thedayg0ne.ru/tehnolab/ (0)
[0709/015636.354:INFO:CONSOLE(0)] "Mixed Content: The page at 'https://projects.thedayg0ne.ru/tehnolab/' was loaded over HTTPS, but requested an insecure element 'http://placehold.it/2500x1200'. This request was automatically upgraded to HTTPS, For more information see https://blog.chromium.org/2019/10/no-more-mixed-messages-about-https.html", source: https://projects.thedayg0ne.ru/tehnolab/ (0)
[0709/015641.349:INFO:CONSOLE(0)] "Mixed Content: The page at 'https://projects.thedayg0ne.ru/tehnolab/' was loaded over HTTPS, but requested an insecure element 'http://placehold.it/2500x1200'. This request was automatically upgraded to HTTPS, For more information see https://blog.chromium.org/2019/10/no-more-mixed-messages-about-https.html", source: https://projects.thedayg0ne.ru/tehnolab/ (0)
[0709/015646.358:INFO:CONSOLE(0)] "Mixed Content: The page at 'https://projects.thedayg0ne.ru/tehnolab/' was loaded over HTTPS, but requested an insecure element 'http://placehold.it/2500x1200'. This request was automatically upgraded to HTTPS, For more information see https://blog.chromium.org/2019/10/no-more-mixed-messages-about-https.html", source: https://projects.thedayg0ne.ru/tehnolab/ (0)
[0709/015651.360:INFO:CONSOLE(0)] "Mixed Content: The page at 'https://projects.thedayg0ne.ru/tehnolab/' was loaded over HTTPS, but requested an insecure element 'http://placehold.it/2500x1200'. This request was automatically upgraded to HTTPS, For more information see https://blog.chromium.org/2019/10/no-more-mixed-messages-about-https.html", source: https://projects.thedayg0ne.ru/tehnolab/ (0)
[0709/015656.357:INFO:CONSOLE(0)] "Mixed Content: The page at 'https://projects.thedayg0ne.ru/tehnolab/' was loaded over HTTPS, but requested an insecure element 'http://placehold.it/2500x1200'. This request was automatically upgraded to HTTPS, For more information see https://blog.chromium.org/2019/10/no-more-mixed-messages-about-https.html", source: https://projects.thedayg0ne.ru/tehnolab/ (0)
[0709/015701.351:INFO:CONSOLE(0)] "Mixed Content: The page at 'https://projects.thedayg0ne.ru/tehnolab/' was loaded over HTTPS, but requested an insecure element 'http://placehold.it/2500x1200'. This request was automatically upgraded to HTTPS, For more information see https://blog.chromium.org/2019/10/no-more-mixed-messages-about-https.html", source: https://projects.thedayg0ne.ru/tehnolab/ (0)
[0709/015706.360:INFO:CONSOLE(0)] "Mixed Content: The page at 'https://projects.thedayg0ne.ru/tehnolab/' was loaded over HTTPS, but requested an insecure element 'http://placehold.it/2500x1200'. This request was automatically upgraded to HTTPS, For more information see https://blog.chromium.org/2019/10/no-more-mixed-messages-about-https.html", source: https://projects.thedayg0ne.ru/tehnolab/ (0)
[0709/015711.358:INFO:CONSOLE(0)] "Mixed Content: The page at 'https://projects.thedayg0ne.ru/tehnolab/' was loaded over HTTPS, but requested an insecure element 'http://placehold.it/2500x1200'. This request was automatically upgraded to HTTPS, For more information see https://blog.chromium.org/2019/10/no-more-mixed-messages-about-https.html", source: https://projects.thedayg0ne.ru/tehnolab/ (0)
[0709/015716.362:INFO:CONSOLE(0)] "Mixed Content: The page at 'https://projects.thedayg0ne.ru/tehnolab/' was loaded over HTTPS, but requested an insecure element 'http://placehold.it/2500x1200'. This request was automatically upgraded to HTTPS, For more information see https://blog.chromium.org/2019/10/no-more-mixed-messages-about-https.html", source: https://projects.thedayg0ne.ru/tehnolab/ (0)
[0709/015721.361:INFO:CONSOLE(0)] "Mixed Content: The page at 'https://projects.thedayg0ne.ru/tehnolab/' was loaded over HTTPS, but requested an insecure element 'http://placehold.it/2500x1200'. This request was automatically upgraded to HTTPS, For more information see https://blog.chromium.org/2019/10/no-more-mixed-messages-about-https.html", source: https://projects.thedayg0ne.ru/tehnolab/ (0)
[0709/015726.353:INFO:CONSOLE(0)] "Mixed Content: The page at 'https://projects.thedayg0ne.ru/tehnolab/' was loaded over HTTPS, but requested an insecure element 'http://placehold.it/2500x1200'. This request was automatically upgraded to HTTPS, For more information see https://blog.chromium.org/2019/10/no-more-mixed-messages-about-https.html", source: https://projects.thedayg0ne.ru/tehnolab/ (0)
[0709/015728.695:INFO:CONSOLE(1004)] "Mixed Content: The page at 'https://projects.thedayg0ne.ru/tehnolab/' was loaded over HTTPS, but requested an insecure element 'http://placehold.it/2000x900'. This request was automatically upgraded to HTTPS, For more information see https://blog.chromium.org/2019/10/no-more-mixed-messages-about-https.html", source: https://projects.thedayg0ne.ru/tehnolab/ (1004)
[0709/015728.756:INFO:CONSOLE(0)] "Mixed Content: The page at 'https://projects.thedayg0ne.ru/tehnolab/' was loaded over HTTPS, but requested an insecure element 'http://placehold.it/2500x1200'. This request was automatically upgraded to HTTPS, For more information see https://blog.chromium.org/2019/10/no-more-mixed-messages-about-https.html", source: https://projects.thedayg0ne.ru/tehnolab/ (0)
[0709/015733.757:INFO:CONSOLE(0)] "Mixed Content: The page at 'https://projects.thedayg0ne.ru/tehnolab/' was loaded over HTTPS, but requested an insecure element 'http://placehold.it/2500x1200'. This request was automatically upgraded to HTTPS, For more information see https://blog.chromium.org/2019/10/no-more-mixed-messages-about-https.html", source: https://projects.thedayg0ne.ru/tehnolab/ (0)
[0709/015738.126:INFO:CONSOLE(0)] "Mixed Content: The page at 'https://projects.thedayg0ne.ru/tehnolab/' was loaded over HTTPS, but requested an insecure element 'http://placehold.it/2500x1200'. This request was automatically upgraded to HTTPS, For more information see https://blog.chromium.org/2019/10/no-more-mixed-messages-about-https.html", source: https://projects.thedayg0ne.ru/tehnolab/ (0)
[0709/015809.274:WARNING:chrome_browser_cloud_management_controller.cc(87)] Could not create policy manager as CBCM is not enabled.
[0709/015825.680:WARNING:frame_impl.cc(420)] SendProcessMessage sent to detached frame 17179869185 [4,1] will be ignored
[0709/015828.179:WARNING:frame_impl.cc(420)] SendProcessMessage sent to detached frame 21474836484 [5,4] will be ignored
[0709/015832.681:WARNING:frame_impl.cc(420)] SendProcessMessage sent to detached frame 30064771076 [7,4] will be ignored
[0709/015837.860:WARNING:frame_impl.cc(420)] SendProcessMessage sent to detached frame 38654705668 [9,4] will be ignored
[0709/015841.144:WARNING:frame_impl.cc(420)] SendProcessMessage sent to detached frame 47244640260 [11,4] will be ignored
[0709/015843.383:WARNING:frame_impl.cc(420)] SendProcessMessage sent to detached frame 51539607556 [12,4] will be ignored
[0709/015845.838:INFO:CONSOLE(2)] "[0.018]  common module enabled", source: https://st1-56.vk.com/dist/common.2ea8cb8f44729f5aa381.js?3256e693ee92cca2b3256c8 (2)
[0709/015848.971:WARNING:obfuscated_file_util.cc(1402)] Failed to get origin+type directory: { uri: filesystem:https://vk.com/temporary/, storage key: { origin: https://vk.com, top-level site: https://vk.com, nonce: <null>, ancestor chain bit: Same-Site }, bucket id: 1 } error:-4
[0709/015856.529:WARNING:frame_impl.cc(420)] SendProcessMessage sent to detached frame 55834574852 [13,4] will be ignored
[0709/015857.973:WARNING:frame_impl.cc(420)] SendProcessMessage sent to detached frame 60129542148 [14,4] will be ignored
[0709/015858.290:INFO:CONSOLE(2)] "[0.008]  common module enabled", source: https://st1-56.vk.com/dist/common.2ea8cb8f44729f5aa381.js?3256e693ee92cca2b3256c8 (2)
[0709/015900.836:INFO:CONSOLE(2)] "[0.007]  common module enabled", source: https://st1-56.vk.com/dist/common.2ea8cb8f44729f5aa381.js?3256e693ee92cca2b3256c8 (2)
[0709/015902.583:WARNING:frame_impl.cc(420)] SendProcessMessage sent to detached frame 55834574859 [13,11] will be ignored
